TN:
SF:index.ts
FN:16,__resolvePath
FN:27,asyncHandler
FN:47,access
FN:59,appendFile
FN:70,chmod
FN:82,chown
FN:94,copyFile
FN:106,cp
FN:118,lchmod
FN:129,lchown
FN:140,link
FN:152,lstat
FN:164,lutimes
FN:175,mkdir
FN:186,mkdtemp
FN:197,open
FN:208,opendir
FN:219,readFile
FN:230,readdir
FN:241,readlink
FN:252,realpath
FN:263,rename
FN:275,rm
FN:286,rmdir
FN:297,stat
FN:310,symlink
FN:322,truncate
FN:332,unlink
FN:344,utimes
FN:355,watch
FN:367,writeFile
FN:403,readJson
FN:418,writeJson
FNF:33
FNH:33
FNDA:71,__resolvePath
FNDA:64,asyncHandler
FNDA:2,access
FNDA:2,appendFile
FNDA:2,chmod
FNDA:1,chown
FNDA:2,copyFile
FNDA:2,cp
FNDA:2,lchmod
FNDA:1,lchown
FNDA:2,link
FNDA:2,lstat
FNDA:2,lutimes
FNDA:2,mkdir
FNDA:2,mkdtemp
FNDA:2,open
FNDA:2,opendir
FNDA:2,readFile
FNDA:2,readdir
FNDA:2,readlink
FNDA:2,realpath
FNDA:2,rename
FNDA:3,rm
FNDA:3,rmdir
FNDA:2,stat
FNDA:2,symlink
FNDA:2,truncate
FNDA:3,unlink
FNDA:2,utimes
FNDA:1,watch
FNDA:2,writeFile
FNDA:2,readJson
FNDA:2,writeJson
DA:1,1
DA:2,1
DA:3,1
DA:4,1
DA:5,1
DA:6,1
DA:7,1
DA:8,1
DA:9,1
DA:10,1
DA:11,1
DA:12,1
DA:13,1
DA:14,1
DA:15,1
DA:16,1
DA:17,71
DA:18,71
DA:19,71
DA:20,71
DA:21,1
DA:22,1
DA:23,1
DA:24,1
DA:25,1
DA:26,1
DA:27,1
DA:28,64
DA:29,64
DA:30,33
DA:31,64
DA:32,31
DA:33,31
DA:34,64
DA:35,1
DA:36,1
DA:37,1
DA:38,1
DA:39,1
DA:40,1
DA:41,1
DA:42,1
DA:43,1
DA:44,1
DA:45,1
DA:46,1
DA:47,1
DA:48,2
DA:49,2
DA:50,2
DA:51,1
DA:52,1
DA:53,1
DA:54,1
DA:55,1
DA:56,1
DA:57,1
DA:58,1
DA:59,1
DA:60,2
DA:61,2
DA:62,2
DA:63,1
DA:64,1
DA:65,1
DA:66,1
DA:67,1
DA:68,1
DA:69,1
DA:70,1
DA:71,2
DA:72,2
DA:73,2
DA:74,1
DA:75,1
DA:76,1
DA:77,1
DA:78,1
DA:79,1
DA:80,1
DA:81,1
DA:82,1
DA:83,1
DA:84,1
DA:85,1
DA:86,1
DA:87,1
DA:88,1
DA:89,1
DA:90,1
DA:91,1
DA:92,1
DA:93,1
DA:94,1
DA:95,2
DA:96,2
DA:97,2
DA:98,2
DA:99,1
DA:100,1
DA:101,1
DA:102,1
DA:103,1
DA:104,1
DA:105,1
DA:106,1
DA:107,2
DA:108,2
DA:109,2
DA:110,2
DA:111,1
DA:112,1
DA:113,1
DA:114,1
DA:115,1
DA:116,1
DA:117,1
DA:118,1
DA:119,2
DA:120,2
DA:121,2
DA:122,1
DA:123,1
DA:124,1
DA:125,1
DA:126,1
DA:127,1
DA:128,1
DA:129,1
DA:130,1
DA:131,1
DA:132,1
DA:133,1
DA:134,1
DA:135,1
DA:136,1
DA:137,1
DA:138,1
DA:139,1
DA:140,1
DA:141,2
DA:142,2
DA:143,2
DA:144,2
DA:145,1
DA:146,1
DA:147,1
DA:148,1
DA:149,1
DA:150,1
DA:151,1
DA:152,1
DA:153,2
DA:154,2
DA:155,2
DA:156,1
DA:157,1
DA:158,1
DA:159,1
DA:160,1
DA:161,1
DA:162,1
DA:163,1
DA:164,1
DA:165,2
DA:166,2
DA:167,2
DA:168,1
DA:169,1
DA:170,1
DA:171,1
DA:172,1
DA:173,1
DA:174,1
DA:175,1
DA:176,2
DA:177,2
DA:178,2
DA:179,1
DA:180,1
DA:181,1
DA:182,1
DA:183,1
DA:184,1
DA:185,1
DA:186,1
DA:187,2
DA:188,2
DA:189,1
DA:190,1
DA:191,1
DA:192,1
DA:193,1
DA:194,1
DA:195,1
DA:196,1
DA:197,1
DA:198,2
DA:199,2
DA:200,2
DA:201,1
DA:202,1
DA:203,1
DA:204,1
DA:205,1
DA:206,1
DA:207,1
DA:208,1
DA:209,2
DA:210,2
DA:211,2
DA:212,1
DA:213,1
DA:214,1
DA:215,1
DA:216,1
DA:217,1
DA:218,1
DA:219,1
DA:220,2
DA:221,2
DA:222,2
DA:223,1
DA:224,1
DA:225,1
DA:226,1
DA:227,1
DA:228,1
DA:229,1
DA:230,1
DA:231,2
DA:232,2
DA:233,2
DA:234,1
DA:235,1
DA:236,1
DA:237,1
DA:238,1
DA:239,1
DA:240,1
DA:241,1
DA:242,2
DA:243,2
DA:244,2
DA:245,1
DA:246,1
DA:247,1
DA:248,1
DA:249,1
DA:250,1
DA:251,1
DA:252,1
DA:253,2
DA:254,2
DA:255,2
DA:256,1
DA:257,1
DA:258,1
DA:259,1
DA:260,1
DA:261,1
DA:262,1
DA:263,1
DA:264,2
DA:265,2
DA:266,2
DA:267,2
DA:268,1
DA:269,1
DA:270,1
DA:271,1
DA:272,1
DA:273,1
DA:274,1
DA:275,1
DA:276,3
DA:277,3
DA:278,3
DA:279,1
DA:280,1
DA:281,1
DA:282,1
DA:283,1
DA:284,1
DA:285,1
DA:286,1
DA:287,3
DA:288,3
DA:289,3
DA:290,1
DA:291,1
DA:292,1
DA:293,1
DA:294,1
DA:295,1
DA:296,1
DA:297,1
DA:298,2
DA:299,2
DA:300,2
DA:301,1
DA:302,1
DA:303,1
DA:304,1
DA:305,1
DA:306,1
DA:307,1
DA:308,1
DA:309,1
DA:310,1
DA:311,2
DA:312,2
DA:313,2
DA:314,2
DA:315,1
DA:316,1
DA:317,1
DA:318,1
DA:319,1
DA:320,1
DA:321,1
DA:322,1
DA:323,2
DA:324,2
DA:325,2
DA:326,1
DA:327,1
DA:328,1
DA:329,1
DA:330,1
DA:331,1
DA:332,1
DA:333,3
DA:334,3
DA:335,3
DA:336,1
DA:337,1
DA:338,1
DA:339,1
DA:340,1
DA:341,1
DA:342,1
DA:343,1
DA:344,1
DA:345,2
DA:346,2
DA:347,2
DA:348,1
DA:349,1
DA:350,1
DA:351,1
DA:352,1
DA:353,1
DA:354,1
DA:355,1
DA:356,1
DA:357,1
DA:358,1
DA:359,1
DA:360,1
DA:361,1
DA:362,1
DA:363,1
DA:364,1
DA:365,1
DA:366,1
DA:367,1
DA:368,2
DA:369,2
DA:370,2
DA:371,1
DA:372,1
DA:373,1
DA:374,1
DA:375,1
DA:376,1
DA:377,1
DA:378,1
DA:379,1
DA:380,1
DA:381,1
DA:382,1
DA:383,1
DA:384,1
DA:385,1
DA:386,1
DA:387,1
DA:388,1
DA:389,1
DA:390,1
DA:391,1
DA:392,1
DA:393,1
DA:394,1
DA:395,1
DA:396,1
DA:397,1
DA:398,1
DA:399,1
DA:400,1
DA:401,1
DA:402,1
DA:403,1
DA:404,2
DA:405,2
DA:406,2
DA:407,2
DA:408,2
DA:409,2
DA:410,1
DA:411,1
DA:412,1
DA:413,1
DA:414,1
DA:415,1
DA:416,1
DA:417,1
DA:418,1
DA:419,2
DA:420,2
DA:421,2
DA:422,1
DA:423,1
DA:424,1
DA:425,1
DA:426,1
DA:427,1
DA:428,1
DA:429,1
DA:430,1
DA:431,1
DA:432,1
DA:433,1
DA:434,1
DA:435,1
DA:436,1
DA:437,1
DA:438,1
DA:439,1
DA:440,1
DA:441,1
DA:442,1
DA:443,1
DA:444,1
DA:445,1
DA:446,1
DA:447,1
DA:448,1
DA:449,1
DA:450,1
DA:451,1
DA:452,1
DA:453,1
DA:454,1
DA:455,1
DA:456,1
DA:457,1
DA:458,1
DA:459,1
DA:460,1
DA:461,1
DA:462,1
DA:463,1
DA:464,1
DA:465,1
DA:466,1
DA:467,1
DA:468,1
DA:469,1
DA:470,1
DA:471,1
DA:472,1
LF:472
LH:472
BRDA:16,0,0,71
BRDA:18,1,0,1
BRDA:19,2,0,70
BRDA:27,3,0,64
BRDA:29,4,0,33
BRDA:31,5,0,31
BRDA:47,6,0,2
BRDA:49,7,0,2
BRDA:59,8,0,2
BRDA:61,9,0,2
BRDA:70,10,0,2
BRDA:72,11,0,2
BRDA:82,12,0,1
BRDA:84,13,0,1
BRDA:94,14,0,2
BRDA:97,15,0,2
BRDA:106,16,0,2
BRDA:109,17,0,2
BRDA:118,18,0,2
BRDA:120,19,0,2
BRDA:129,20,0,1
BRDA:131,21,0,1
BRDA:140,22,0,2
BRDA:143,23,0,2
BRDA:152,24,0,2
BRDA:154,25,0,2
BRDA:164,26,0,2
BRDA:166,27,0,2
BRDA:175,28,0,2
BRDA:177,29,0,2
BRDA:186,30,0,2
BRDA:187,31,0,2
BRDA:197,32,0,2
BRDA:199,33,0,2
BRDA:208,34,0,2
BRDA:210,35,0,2
BRDA:219,36,0,2
BRDA:221,37,0,2
BRDA:230,38,0,2
BRDA:232,39,0,2
BRDA:241,40,0,2
BRDA:243,41,0,2
BRDA:252,42,0,2
BRDA:254,43,0,2
BRDA:263,44,0,2
BRDA:266,45,0,2
BRDA:275,46,0,3
BRDA:277,47,0,3
BRDA:286,48,0,3
BRDA:288,49,0,3
BRDA:297,50,0,2
BRDA:299,51,0,2
BRDA:310,52,0,2
BRDA:313,53,0,2
BRDA:322,54,0,2
BRDA:324,55,0,2
BRDA:332,56,0,3
BRDA:334,57,0,3
BRDA:344,58,0,2
BRDA:346,59,0,2
BRDA:355,60,0,1
BRDA:357,61,0,1
BRDA:367,62,0,2
BRDA:369,63,0,2
BRDA:403,64,0,2
BRDA:407,65,0,1
BRDA:408,66,0,1
BRDA:405,67,0,2
BRDA:405,68,0,1
BRDA:418,69,0,2
BRDA:420,70,0,2
BRF:71
BRH:71
end_of_record
